Message from client: Halo A
Message count: 10
Received at lb: Halo A (#message 1)
Received at lb: Halo A (#message 2)
Received at lb: Halo A (#message 3)
Received at lb: Halo A (#message 4)
Received at lb: Halo A (#message 5)
Received at lb: Halo A (#message 6)
Received at lb: Halo A (#message 7)
Received at lb: Halo A (#message 8)
Received at lb: Halo A (#message 9)
Received at lb: Halo A (#message 10)
Worker2: message received
Worker2: message received
Worker2: message received
Worker2: message received
Worker 2: 4 messages
Worker1: message received
Worker1: message received
Worker1: message received
Worker 1: 3 messages
Worker3: message received
Worker3: message received
Worker3: message received
Worker 3: 3 messages
